<?xml version="1.0" encoding="UTF-8"?>
<testsuite xmlns:xsi="http://www.w3.org/2001/XMLSchema-instance" xsi:noNamespaceSchemaLocation="https://maven.apache.org/surefire/maven-surefire-plugin/xsd/surefire-test-report.xsd" name="com.meituan.themehuojz.MeituanApplicationTests" time="0.246" tests="1" errors="1" skipped="0" failures="0">
  <properties>
    <property name="gopherProxySet" value="false"/>
    <property name="awt.toolkit" value="sun.lwawt.macosx.LWCToolkit"/>
    <property name="file.encoding.pkg" value="sun.io"/>
    <property name="java.specification.version" value="1.8"/>
    <property name="sun.cpu.isalist" value=""/>
    <property name="sun.jnu.encoding" value="UTF-8"/>
    <property name="java.class.path" value="/Users/wb_huojunzhuo/IdeaProjects/huojz/meituan-theme-huojz/target/test-classes:/Users/wb_huojunzhuo/IdeaProjects/huojz/meituan-theme-huojz/target/classes:/Users/wb_huojunzhuo/.m2/repository/org/springframework/boot/spring-boot-starter/2.6.3/spring-boot-starter-2.6.3.jar:/Users/wb_huojunzhuo/.m2/repository/org/springframework/boot/spring-boot/2.6.3/spring-boot-2.6.3.jar:/Users/wb_huojunzhuo/.m2/repository/org/springframework/spring-context/5.3.15/spring-context-5.3.15.jar:/Users/wb_huojunzhuo/.m2/repository/org/springframework/spring-aop/5.3.15/spring-aop-5.3.15.jar:/Users/wb_huojunzhuo/.m2/repository/org/springframework/spring-beans/5.3.15/spring-beans-5.3.15.jar:/Users/wb_huojunzhuo/.m2/repository/org/springframework/spring-expression/5.3.15/spring-expression-5.3.15.jar:/Users/wb_huojunzhuo/.m2/repository/org/springframework/boot/spring-boot-autoconfigure/2.6.3/spring-boot-autoconfigure-2.6.3.jar:/Users/wb_huojunzhuo/.m2/repository/org/springframework/boot/spring-boot-starter-logging/2.6.3/spring-boot-starter-logging-2.6.3.jar:/Users/wb_huojunzhuo/.m2/repository/ch/qos/logback/logback-classic/1.2.10/logback-classic-1.2.10.jar:/Users/wb_huojunzhuo/.m2/repository/ch/qos/logback/logback-core/1.2.10/logback-core-1.2.10.jar:/Users/wb_huojunzhuo/.m2/repository/org/apache/logging/log4j/log4j-to-slf4j/2.17.1/log4j-to-slf4j-2.17.1.jar:/Users/wb_huojunzhuo/.m2/repository/org/apache/logging/log4j/log4j-api/2.17.1/log4j-api-2.17.1.jar:/Users/wb_huojunzhuo/.m2/repository/org/slf4j/jul-to-slf4j/1.7.33/jul-to-slf4j-1.7.33.jar:/Users/wb_huojunzhuo/.m2/repository/jakarta/annotation/jakarta.annotation-api/1.3.5/jakarta.annotation-api-1.3.5.jar:/Users/wb_huojunzhuo/.m2/repository/org/springframework/spring-core/5.3.15/spring-core-5.3.15.jar:/Users/wb_huojunzhuo/.m2/repository/org/springframework/spring-jcl/5.3.15/spring-jcl-5.3.15.jar:/Users/wb_huojunzhuo/.m2/repository/org/yaml/snakeyaml/1.29/snakeyaml-1.29.jar:/Users/wb_huojunzhuo/.m2/repository/org/springframework/boot/spring-boot-starter-test/2.6.3/spring-boot-starter-test-2.6.3.jar:/Users/wb_huojunzhuo/.m2/repository/org/springframework/boot/spring-boot-test/2.6.3/spring-boot-test-2.6.3.jar:/Users/wb_huojunzhuo/.m2/repository/org/springframework/boot/spring-boot-test-autoconfigure/2.6.3/spring-boot-test-autoconfigure-2.6.3.jar:/Users/wb_huojunzhuo/.m2/repository/com/jayway/jsonpath/json-path/2.6.0/json-path-2.6.0.jar:/Users/wb_huojunzhuo/.m2/repository/net/minidev/json-smart/2.4.7/json-smart-2.4.7.jar:/Users/wb_huojunzhuo/.m2/repository/net/minidev/accessors-smart/2.4.7/accessors-smart-2.4.7.jar:/Users/wb_huojunzhuo/.m2/repository/org/ow2/asm/asm/9.1/asm-9.1.jar:/Users/wb_huojunzhuo/.m2/repository/org/slf4j/slf4j-api/1.7.33/slf4j-api-1.7.33.jar:/Users/wb_huojunzhuo/.m2/repository/jakarta/xml/bind/jakarta.xml.bind-api/2.3.3/jakarta.xml.bind-api-2.3.3.jar:/Users/wb_huojunzhuo/.m2/repository/jakarta/activation/jakarta.activation-api/1.2.2/jakarta.activation-api-1.2.2.jar:/Users/wb_huojunzhuo/.m2/repository/org/assertj/assertj-core/3.21.0/assertj-core-3.21.0.jar:/Users/wb_huojunzhuo/.m2/repository/org/hamcrest/hamcrest/2.2/hamcrest-2.2.jar:/Users/wb_huojunzhuo/.m2/repository/org/junit/jupiter/junit-jupiter/5.8.2/junit-jupiter-5.8.2.jar:/Users/wb_huojunzhuo/.m2/repository/org/junit/jupiter/junit-jupiter-api/5.8.2/junit-jupiter-api-5.8.2.jar:/Users/wb_huojunzhuo/.m2/repository/org/opentest4j/opentest4j/1.2.0/opentest4j-1.2.0.jar:/Users/wb_huojunzhuo/.m2/repository/org/junit/platform/junit-platform-commons/1.8.2/junit-platform-commons-1.8.2.jar:/Users/wb_huojunzhuo/.m2/repository/org/apiguardian/apiguardian-api/1.1.2/apiguardian-api-1.1.2.jar:/Users/wb_huojunzhuo/.m2/repository/org/junit/jupiter/junit-jupiter-params/5.8.2/junit-jupiter-params-5.8.2.jar:/Users/wb_huojunzhuo/.m2/repository/org/junit/jupiter/junit-jupiter-engine/5.8.2/junit-jupiter-engine-5.8.2.jar:/Users/wb_huojunzhuo/.m2/repository/org/junit/platform/junit-platform-engine/1.8.2/junit-platform-engine-1.8.2.jar:/Users/wb_huojunzhuo/.m2/repository/org/mockito/mockito-core/4.0.0/mockito-core-4.0.0.jar:/Users/wb_huojunzhuo/.m2/repository/net/bytebuddy/byte-buddy/1.11.22/byte-buddy-1.11.22.jar:/Users/wb_huojunzhuo/.m2/repository/net/bytebuddy/byte-buddy-agent/1.11.22/byte-buddy-agent-1.11.22.jar:/Users/wb_huojunzhuo/.m2/repository/org/objenesis/objenesis/3.2/objenesis-3.2.jar:/Users/wb_huojunzhuo/.m2/repository/org/mockito/mockito-junit-jupiter/4.0.0/mockito-junit-jupiter-4.0.0.jar:/Users/wb_huojunzhuo/.m2/repository/org/skyscreamer/jsonassert/1.5.0/jsonassert-1.5.0.jar:/Users/wb_huojunzhuo/.m2/repository/com/vaadin/external/google/android-json/0.0.20131108.vaadin1/android-json-0.0.20131108.vaadin1.jar:/Users/wb_huojunzhuo/.m2/repository/org/springframework/spring-test/5.3.15/spring-test-5.3.15.jar:/Users/wb_huojunzhuo/.m2/repository/org/xmlunit/xmlunit-core/2.8.4/xmlunit-core-2.8.4.jar:/Users/wb_huojunzhuo/.m2/repository/com/baomidou/mybatis-plus-boot-starter/3.5.3.1/mybatis-plus-boot-starter-3.5.3.1.jar:/Users/wb_huojunzhuo/.m2/repository/com/baomidou/mybatis-plus/3.5.3.1/mybatis-plus-3.5.3.1.jar:/Users/wb_huojunzhuo/.m2/repository/com/baomidou/mybatis-plus-extension/3.5.3.1/mybatis-plus-extension-3.5.3.1.jar:/Users/wb_huojunzhuo/.m2/repository/com/baomidou/mybatis-plus-core/3.5.3.1/mybatis-plus-core-3.5.3.1.jar:/Users/wb_huojunzhuo/.m2/repository/com/baomidou/mybatis-plus-annotation/3.5.3.1/mybatis-plus-annotation-3.5.3.1.jar:/Users/wb_huojunzhuo/.m2/repository/com/github/jsqlparser/jsqlparser/4.4/jsqlparser-4.4.jar:/Users/wb_huojunzhuo/.m2/repository/org/mybatis/mybatis/3.5.10/mybatis-3.5.10.jar:/Users/wb_huojunzhuo/.m2/repository/org/mybatis/mybatis-spring/2.0.7/mybatis-spring-2.0.7.jar:/Users/wb_huojunzhuo/.m2/repository/org/springframework/boot/spring-boot-starter-jdbc/2.6.3/spring-boot-starter-jdbc-2.6.3.jar:/Users/wb_huojunzhuo/.m2/repository/com/zaxxer/HikariCP/4.0.3/HikariCP-4.0.3.jar:/Users/wb_huojunzhuo/.m2/repository/org/springframework/spring-jdbc/5.3.15/spring-jdbc-5.3.15.jar:/Users/wb_huojunzhuo/.m2/repository/org/springframework/spring-tx/5.3.15/spring-tx-5.3.15.jar:/Users/wb_huojunzhuo/.m2/repository/org/projectlombok/lombok/1.18.22/lombok-1.18.22.jar:/Users/wb_huojunzhuo/.m2/repository/mysql/mysql-connector-java/8.0.28/mysql-connector-java-8.0.28.jar:/Users/wb_huojunzhuo/.m2/repository/cn/hutool/hutool-all/5.8.16/hutool-all-5.8.16.jar:"/>
    <property name="java.vm.vendor" value="Oracle Corporation"/>
    <property name="sun.arch.data.model" value="64"/>
    <property name="java.vendor.url" value="http://java.oracle.com/"/>
    <property name="user.timezone" value=""/>
    <property name="java.vm.specification.version" value="1.8"/>
    <property name="os.name" value="Mac OS X"/>
    <property name="user.country" value="CN"/>
    <property name="sun.java.launcher" value="SUN_STANDARD"/>
    <property name="sun.boot.library.path" value="/Library/Java/JavaVirtualMachines/jdk-1.8.jdk/Contents/Home/jre/lib"/>
    <property name="sun.java.command" value="/Users/wb_huojunzhuo/IdeaProjects/huojz/meituan-theme-huojz/target/surefire/surefirebooter2257051633145940796.jar /Users/wb_huojunzhuo/IdeaProjects/huojz/meituan-theme-huojz/target/surefire 2024-02-18T14-57-19_512-jvmRun1 surefire1242035488614870373tmp surefire_06514126938043963244tmp"/>
    <property name="surefire.test.class.path" value="/Users/wb_huojunzhuo/IdeaProjects/huojz/meituan-theme-huojz/target/test-classes:/Users/wb_huojunzhuo/IdeaProjects/huojz/meituan-theme-huojz/target/classes:/Users/wb_huojunzhuo/.m2/repository/org/springframework/boot/spring-boot-starter/2.6.3/spring-boot-starter-2.6.3.jar:/Users/wb_huojunzhuo/.m2/repository/org/springframework/boot/spring-boot/2.6.3/spring-boot-2.6.3.jar:/Users/wb_huojunzhuo/.m2/repository/org/springframework/spring-context/5.3.15/spring-context-5.3.15.jar:/Users/wb_huojunzhuo/.m2/repository/org/springframework/spring-aop/5.3.15/spring-aop-5.3.15.jar:/Users/wb_huojunzhuo/.m2/repository/org/springframework/spring-beans/5.3.15/spring-beans-5.3.15.jar:/Users/wb_huojunzhuo/.m2/repository/org/springframework/spring-expression/5.3.15/spring-expression-5.3.15.jar:/Users/wb_huojunzhuo/.m2/repository/org/springframework/boot/spring-boot-autoconfigure/2.6.3/spring-boot-autoconfigure-2.6.3.jar:/Users/wb_huojunzhuo/.m2/repository/org/springframework/boot/spring-boot-starter-logging/2.6.3/spring-boot-starter-logging-2.6.3.jar:/Users/wb_huojunzhuo/.m2/repository/ch/qos/logback/logback-classic/1.2.10/logback-classic-1.2.10.jar:/Users/wb_huojunzhuo/.m2/repository/ch/qos/logback/logback-core/1.2.10/logback-core-1.2.10.jar:/Users/wb_huojunzhuo/.m2/repository/org/apache/logging/log4j/log4j-to-slf4j/2.17.1/log4j-to-slf4j-2.17.1.jar:/Users/wb_huojunzhuo/.m2/repository/org/apache/logging/log4j/log4j-api/2.17.1/log4j-api-2.17.1.jar:/Users/wb_huojunzhuo/.m2/repository/org/slf4j/jul-to-slf4j/1.7.33/jul-to-slf4j-1.7.33.jar:/Users/wb_huojunzhuo/.m2/repository/jakarta/annotation/jakarta.annotation-api/1.3.5/jakarta.annotation-api-1.3.5.jar:/Users/wb_huojunzhuo/.m2/repository/org/springframework/spring-core/5.3.15/spring-core-5.3.15.jar:/Users/wb_huojunzhuo/.m2/repository/org/springframework/spring-jcl/5.3.15/spring-jcl-5.3.15.jar:/Users/wb_huojunzhuo/.m2/repository/org/yaml/snakeyaml/1.29/snakeyaml-1.29.jar:/Users/wb_huojunzhuo/.m2/repository/org/springframework/boot/spring-boot-starter-test/2.6.3/spring-boot-starter-test-2.6.3.jar:/Users/wb_huojunzhuo/.m2/repository/org/springframework/boot/spring-boot-test/2.6.3/spring-boot-test-2.6.3.jar:/Users/wb_huojunzhuo/.m2/repository/org/springframework/boot/spring-boot-test-autoconfigure/2.6.3/spring-boot-test-autoconfigure-2.6.3.jar:/Users/wb_huojunzhuo/.m2/repository/com/jayway/jsonpath/json-path/2.6.0/json-path-2.6.0.jar:/Users/wb_huojunzhuo/.m2/repository/net/minidev/json-smart/2.4.7/json-smart-2.4.7.jar:/Users/wb_huojunzhuo/.m2/repository/net/minidev/accessors-smart/2.4.7/accessors-smart-2.4.7.jar:/Users/wb_huojunzhuo/.m2/repository/org/ow2/asm/asm/9.1/asm-9.1.jar:/Users/wb_huojunzhuo/.m2/repository/org/slf4j/slf4j-api/1.7.33/slf4j-api-1.7.33.jar:/Users/wb_huojunzhuo/.m2/repository/jakarta/xml/bind/jakarta.xml.bind-api/2.3.3/jakarta.xml.bind-api-2.3.3.jar:/Users/wb_huojunzhuo/.m2/repository/jakarta/activation/jakarta.activation-api/1.2.2/jakarta.activation-api-1.2.2.jar:/Users/wb_huojunzhuo/.m2/repository/org/assertj/assertj-core/3.21.0/assertj-core-3.21.0.jar:/Users/wb_huojunzhuo/.m2/repository/org/hamcrest/hamcrest/2.2/hamcrest-2.2.jar:/Users/wb_huojunzhuo/.m2/repository/org/junit/jupiter/junit-jupiter/5.8.2/junit-jupiter-5.8.2.jar:/Users/wb_huojunzhuo/.m2/repository/org/junit/jupiter/junit-jupiter-api/5.8.2/junit-jupiter-api-5.8.2.jar:/Users/wb_huojunzhuo/.m2/repository/org/opentest4j/opentest4j/1.2.0/opentest4j-1.2.0.jar:/Users/wb_huojunzhuo/.m2/repository/org/junit/platform/junit-platform-commons/1.8.2/junit-platform-commons-1.8.2.jar:/Users/wb_huojunzhuo/.m2/repository/org/apiguardian/apiguardian-api/1.1.2/apiguardian-api-1.1.2.jar:/Users/wb_huojunzhuo/.m2/repository/org/junit/jupiter/junit-jupiter-params/5.8.2/junit-jupiter-params-5.8.2.jar:/Users/wb_huojunzhuo/.m2/repository/org/junit/jupiter/junit-jupiter-engine/5.8.2/junit-jupiter-engine-5.8.2.jar:/Users/wb_huojunzhuo/.m2/repository/org/junit/platform/junit-platform-engine/1.8.2/junit-platform-engine-1.8.2.jar:/Users/wb_huojunzhuo/.m2/repository/org/mockito/mockito-core/4.0.0/mockito-core-4.0.0.jar:/Users/wb_huojunzhuo/.m2/repository/net/bytebuddy/byte-buddy/1.11.22/byte-buddy-1.11.22.jar:/Users/wb_huojunzhuo/.m2/repository/net/bytebuddy/byte-buddy-agent/1.11.22/byte-buddy-agent-1.11.22.jar:/Users/wb_huojunzhuo/.m2/repository/org/objenesis/objenesis/3.2/objenesis-3.2.jar:/Users/wb_huojunzhuo/.m2/repository/org/mockito/mockito-junit-jupiter/4.0.0/mockito-junit-jupiter-4.0.0.jar:/Users/wb_huojunzhuo/.m2/repository/org/skyscreamer/jsonassert/1.5.0/jsonassert-1.5.0.jar:/Users/wb_huojunzhuo/.m2/repository/com/vaadin/external/google/android-json/0.0.20131108.vaadin1/android-json-0.0.20131108.vaadin1.jar:/Users/wb_huojunzhuo/.m2/repository/org/springframework/spring-test/5.3.15/spring-test-5.3.15.jar:/Users/wb_huojunzhuo/.m2/repository/org/xmlunit/xmlunit-core/2.8.4/xmlunit-core-2.8.4.jar:/Users/wb_huojunzhuo/.m2/repository/com/baomidou/mybatis-plus-boot-starter/3.5.3.1/mybatis-plus-boot-starter-3.5.3.1.jar:/Users/wb_huojunzhuo/.m2/repository/com/baomidou/mybatis-plus/3.5.3.1/mybatis-plus-3.5.3.1.jar:/Users/wb_huojunzhuo/.m2/repository/com/baomidou/mybatis-plus-extension/3.5.3.1/mybatis-plus-extension-3.5.3.1.jar:/Users/wb_huojunzhuo/.m2/repository/com/baomidou/mybatis-plus-core/3.5.3.1/mybatis-plus-core-3.5.3.1.jar:/Users/wb_huojunzhuo/.m2/repository/com/baomidou/mybatis-plus-annotation/3.5.3.1/mybatis-plus-annotation-3.5.3.1.jar:/Users/wb_huojunzhuo/.m2/repository/com/github/jsqlparser/jsqlparser/4.4/jsqlparser-4.4.jar:/Users/wb_huojunzhuo/.m2/repository/org/mybatis/mybatis/3.5.10/mybatis-3.5.10.jar:/Users/wb_huojunzhuo/.m2/repository/org/mybatis/mybatis-spring/2.0.7/mybatis-spring-2.0.7.jar:/Users/wb_huojunzhuo/.m2/repository/org/springframework/boot/spring-boot-starter-jdbc/2.6.3/spring-boot-starter-jdbc-2.6.3.jar:/Users/wb_huojunzhuo/.m2/repository/com/zaxxer/HikariCP/4.0.3/HikariCP-4.0.3.jar:/Users/wb_huojunzhuo/.m2/repository/org/springframework/spring-jdbc/5.3.15/spring-jdbc-5.3.15.jar:/Users/wb_huojunzhuo/.m2/repository/org/springframework/spring-tx/5.3.15/spring-tx-5.3.15.jar:/Users/wb_huojunzhuo/.m2/repository/org/projectlombok/lombok/1.18.22/lombok-1.18.22.jar:/Users/wb_huojunzhuo/.m2/repository/mysql/mysql-connector-java/8.0.28/mysql-connector-java-8.0.28.jar:/Users/wb_huojunzhuo/.m2/repository/cn/hutool/hutool-all/5.8.16/hutool-all-5.8.16.jar:"/>
    <property name="sun.cpu.endian" value="little"/>
    <property name="user.home" value="/Users/wb_huojunzhuo"/>
    <property name="user.language" value="zh"/>
    <property name="java.specification.vendor" value="Oracle Corporation"/>
    <property name="java.home" value="/Library/Java/JavaVirtualMachines/jdk-1.8.jdk/Contents/Home/jre"/>
    <property name="basedir" value="/Users/wb_huojunzhuo/IdeaProjects/huojz/meituan-theme-huojz"/>
    <property name="file.separator" value="/"/>
    <property name="line.separator" value="&#10;"/>
    <property name="java.vm.specification.vendor" value="Oracle Corporation"/>
    <property name="java.specification.name" value="Java Platform API Specification"/>
    <property name="java.awt.graphicsenv" value="sun.awt.CGraphicsEnvironment"/>
    <property name="surefire.real.class.path" value="/Users/wb_huojunzhuo/IdeaProjects/huojz/meituan-theme-huojz/target/surefire/surefirebooter2257051633145940796.jar"/>
    <property name="sun.boot.class.path" value="/Library/Java/JavaVirtualMachines/jdk-1.8.jdk/Contents/Home/jre/lib/resources.jar:/Library/Java/JavaVirtualMachines/jdk-1.8.jdk/Contents/Home/jre/lib/rt.jar:/Library/Java/JavaVirtualMachines/jdk-1.8.jdk/Contents/Home/jre/lib/jsse.jar:/Library/Java/JavaVirtualMachines/jdk-1.8.jdk/Contents/Home/jre/lib/jce.jar:/Library/Java/JavaVirtualMachines/jdk-1.8.jdk/Contents/Home/jre/lib/charsets.jar:/Library/Java/JavaVirtualMachines/jdk-1.8.jdk/Contents/Home/jre/lib/jfr.jar:/Library/Java/JavaVirtualMachines/jdk-1.8.jdk/Contents/Home/jre/classes"/>
    <property name="sun.management.compiler" value="HotSpot 64-Bit Tiered Compilers"/>
    <property name="java.runtime.version" value="1.8.0_401-b10"/>
    <property name="user.name" value="wb_huojunzhuo"/>
    <property name="path.separator" value=":"/>
    <property name="os.version" value="14.2"/>
    <property name="java.endorsed.dirs" value="/Library/Java/JavaVirtualMachines/jdk-1.8.jdk/Contents/Home/jre/lib/endorsed"/>
    <property name="java.runtime.name" value="Java(TM) SE Runtime Environment"/>
    <property name="file.encoding" value="UTF-8"/>
    <property name="java.vm.name" value="Java HotSpot(TM) 64-Bit Server VM"/>
    <property name="localRepository" value="/Users/wb_huojunzhuo/.m2/repository"/>
    <property name="java.vendor.url.bug" value="http://bugreport.sun.com/bugreport/"/>
    <property name="java.io.tmpdir" value="/var/folders/fd/_t5rn47j4_52vnvcf2y5841w0000gn/T/"/>
    <property name="idea.version" value="2023.3"/>
    <property name="java.version" value="1.8.0_401"/>
    <property name="user.dir" value="/Users/wb_huojunzhuo/IdeaProjects/huojz/meituan-theme-huojz"/>
    <property name="os.arch" value="x86_64"/>
    <property name="java.vm.specification.name" value="Java Virtual Machine Specification"/>
    <property name="java.awt.printerjob" value="sun.lwawt.macosx.CPrinterJob"/>
    <property name="sun.os.patch.level" value="unknown"/>
    <property name="java.library.path" value="/Users/wb_huojunzhuo/Library/Java/Extensions:/Library/Java/Extensions:/Network/Library/Java/Extensions:/System/Library/Java/Extensions:/usr/lib/java:."/>
    <property name="java.vm.info" value="mixed mode"/>
    <property name="java.vendor" value="Oracle Corporation"/>
    <property name="java.vm.version" value="25.401-b10"/>
    <property name="java.specification.maintenance.version" value="5"/>
    <property name="java.ext.dirs" value="/Users/wb_huojunzhuo/Library/Java/Extensions:/Library/Java/JavaVirtualMachines/jdk-1.8.jdk/Contents/Home/jre/lib/ext:/Library/Java/Extensions:/Network/Library/Java/Extensions:/System/Library/Java/Extensions:/usr/lib/java"/>
    <property name="sun.io.unicode.encoding" value="UnicodeBig"/>
    <property name="maven.repo.local" value="/Users/wb_huojunzhuo/.m2/repository"/>
    <property name="java.class.version" value="52.0"/>
  </properties>
  <testcase name="com.meituan.themehuojz.MeituanApplicationTests" classname="com.meituan.themehuojz.MeituanApplicationTests" time="0.244">
    <error message="Unable to find a @SpringBootConfiguration, you need to use @ContextConfiguration or @SpringBootTest(classes=...) with your test" type="java.lang.IllegalStateException">java.lang.IllegalStateException: Unable to find a @SpringBootConfiguration, you need to use @ContextConfiguration or @SpringBootTest(classes=...) with your test
</error>
    <system-out><![CDATA[14:57:25.064 [main] DEBUG org.springframework.test.context.BootstrapUtils - Instantiating CacheAwareContextLoaderDelegate from class [org.springframework.test.context.cache.DefaultCacheAwareContextLoaderDelegate]
14:57:25.075 [main] DEBUG org.springframework.test.context.BootstrapUtils - Instantiating BootstrapContext using constructor [public org.springframework.test.context.support.DefaultBootstrapContext(java.lang.Class,org.springframework.test.context.CacheAwareContextLoaderDelegate)]
14:57:25.113 [main] DEBUG org.springframework.test.context.BootstrapUtils - Instantiating TestContextBootstrapper for test class [com.meituan.themehuojz.MeituanApplicationTests] from class [org.springframework.boot.test.context.SpringBootTestContextBootstrapper]
14:57:25.128 [main] INFO org.springframework.boot.test.context.SpringBootTestContextBootstrapper - Neither @ContextConfiguration nor @ContextHierarchy found for test class [com.meituan.themehuojz.MeituanApplicationTests], using SpringBootContextLoader
14:57:25.133 [main] DEBUG org.springframework.test.context.support.AbstractContextLoader - Did not detect default resource location for test class [com.meituan.themehuojz.MeituanApplicationTests]: class path resource [com/meituan/themehuojz/MeituanApplicationTests-context.xml] does not exist
14:57:25.133 [main] DEBUG org.springframework.test.context.support.AbstractContextLoader - Did not detect default resource location for test class [com.meituan.themehuojz.MeituanApplicationTests]: class path resource [com/meituan/themehuojz/MeituanApplicationTestsContext.groovy] does not exist
14:57:25.133 [main] INFO org.springframework.test.context.support.AbstractContextLoader - Could not detect default resource locations for test class [com.meituan.themehuojz.MeituanApplicationTests]: no resource found for suffixes {-context.xml, Context.groovy}.
14:57:25.134 [main] INFO org.springframework.test.context.support.AnnotationConfigContextLoaderUtils - Could not detect default configuration classes for test class [com.meituan.themehuojz.MeituanApplicationTests]: MeituanApplicationTests does not declare any static, non-private, non-final, nested classes annotated with @Configuration.
14:57:25.178 [main] DEBUG org.springframework.test.context.support.ActiveProfilesUtils - Could not find an 'annotation declaring class' for annotation type [org.springframework.test.context.ActiveProfiles] and class [com.meituan.themehuojz.MeituanApplicationTests]
]]></system-out>
  </testcase>
</testsuite>